::1 - - [01/Aug/2015:22:02:11 -0400] "GET / HTTP/1.1" 403 1055
::1 - - [01/Aug/2015:22:02:11 -0400] "GET /favicon.ico HTTP/1.1" 404 1187
::1 - - [01/Aug/2015:22:02:15 -0400] "GET / HTTP/1.1" 403 1055
::1 - - [01/Aug/2015:22:02:26 -0400] "GET /schema.php HTTP/1.1" 200 449
::1 - - [01/Aug/2015:22:04:01 -0400] "GET /schema.php HTTP/1.1" 200 426
::1 - - [01/Aug/2015:22:04:02 -0400] "GET /schema.php HTTP/1.1" 200 426
::1 - - [01/Aug/2015:22:04:03 -0400] "GET /schema.php HTTP/1.1" 200 426
::1 - - [01/Aug/2015:22:06:14 -0400] "GET /schema.php HTTP/1.1" 200 426
::1 - - [01/Aug/2015:22:06:15 -0400] "GET /schema.php HTTP/1.1" 200 426
::1 - - [01/Aug/2015:22:06:41 -0400] "GET /schema.php HTTP/1.1" 200 426
::1 - - [01/Aug/2015:22:06:42 -0400] "GET /schema.php HTTP/1.1" 200 426
::1 - - [01/Aug/2015:22:06:43 -0400] "GET /schema.php HTTP/1.1" 200 426
::1 - - [01/Aug/2015:22:07:48 -0400] "GET /schema.php HTTP/1.1" 200 568
::1 - - [01/Aug/2015:22:08:28 -0400] "GET /schema.php HTTP/1.1" 200 577
::1 - - [01/Aug/2015:22:08:29 -0400] "GET /schema.php HTTP/1.1" 200 577
::1 - - [01/Aug/2015:22:08:47 -0400] "GET /schema.php HTTP/1.1" 200 568
::1 - - [01/Aug/2015:22:08:50 -0400] "GET /schema.php HTTP/1.1" 200 568
::1 - - [01/Aug/2015:22:09:20 -0400] "GET /schema.php HTTP/1.1" 200 586
::1 - - [01/Aug/2015:22:09:21 -0400] "GET /schema.php HTTP/1.1" 200 586
::1 - - [01/Aug/2015:22:09:22 -0400] "GET /schema.php HTTP/1.1" 200 586
::1 - - [01/Aug/2015:22:09:39 -0400] "GET /schema.php HTTP/1.1" 200 577
::1 - - [01/Aug/2015:22:10:55 -0400] "GET /schema.php HTTP/1.1" 200 -
::1 - - [01/Aug/2015:22:10:56 -0400] "GET /schema.php HTTP/1.1" 200 -
::1 - - [01/Aug/2015:22:12:00 -0400] "GET /schema.php HTTP/1.1" 200 -
::1 - - [01/Aug/2015:22:13:43 -0400] "GET /schema.php HTTP/1.1" 200 -
::1 - - [01/Aug/2015:22:14:17 -0400] "GET /schema.php HTTP/1.1" 200 2
::1 - - [01/Aug/2015:22:15:21 -0400] "GET /schema.php HTTP/1.1" 200 -
::1 - - [01/Aug/2015:22:19:46 -0400] "GET /schema.php HTTP/1.1" 200 2
::1 - - [01/Aug/2015:22:20:41 -0400] "GET /schema.php HTTP/1.1" 200 -
::1 - - [01/Aug/2015:22:25:41 -0400] "GET /schema.php HTTP/1.1" 200 -
::1 - - [01/Aug/2015:22:25:42 -0400] "GET /schema.php HTTP/1.1" 200 -
::1 - - [01/Aug/2015:22:26:40 -0400] "GET /schema.php HTTP/1.1" 200 -
::1 - - [01/Aug/2015:22:26:42 -0400] "GET /schema.php HTTP/1.1" 200 -
::1 - - [01/Aug/2015:22:31:42 -0400] "GET /database/schema.php HTTP/1.1" 200 -
::1 - - [03/Aug/2015:13:02:27 -0400] "GET /public_html/view/discussion.html HTTP/1.1" 200 164
::1 - - [03/Aug/2015:13:02:27 -0400] "GET /favicon.ico HTTP/1.1" 404 1251
::1 - - [03/Aug/2015:13:03:21 -0400] "GET /public_html/view/discussion.html HTTP/1.1" 200 216
::1 - - [03/Aug/2015:13:03:37 -0400] "GET /public_html/view/discussion.html HTTP/1.1" 200 238
::1 - - [03/Aug/2015:13:11:53 -0400] "GET /public_html/controller/control.php HTTP/1.1" 200 35
::1 - - [03/Aug/2015:13:14:09 -0400] "GET /public_html/controller/control.php HTTP/1.1" 200 11
::1 - - [03/Aug/2015:13:17:02 -0400] "GET /public_html/controller/control.php HTTP/1.1" 200 305
::1 - - [03/Aug/2015:13:17:34 -0400] "GET /public_html/controller/control.php HTTP/1.1" 200 161
::1 - - [03/Aug/2015:13:17:45 -0400] "GET /public_html/controller/control.php HTTP/1.1" 200 -
::1 - - [03/Aug/2015:13:17:45 -0400] "GET /public_html/controller/control.php HTTP/1.1" 200 -
::1 - - [03/Aug/2015:13:17:59 -0400] "GET /public_html/controller/control.php HTTP/1.1" 200 156
::1 - - [03/Aug/2015:13:18:28 -0400] "GET /public_html/controller/control.php HTTP/1.1" 200 160
::1 - - [03/Aug/2015:13:18:43 -0400] "GET /public_html/controller/control.php HTTP/1.1" 200 155
::1 - - [03/Aug/2015:13:22:18 -0400] "GET /public_html/controller/control.php HTTP/1.1" 200 137
::1 - - [03/Aug/2015:13:22:19 -0400] "GET /public_html/controller/control.php HTTP/1.1" 200 137
::1 - - [03/Aug/2015:13:22:34 -0400] "GET /public_html/controller/control.php HTTP/1.1" 200 137
::1 - - [03/Aug/2015:13:22:35 -0400] "GET /public_html/controller/control.php HTTP/1.1" 200 137
::1 - - [03/Aug/2015:13:22:36 -0400] "GET /public_html/controller/control.php HTTP/1.1" 200 137
::1 - - [03/Aug/2015:13:22:51 -0400] "GET /public_html/controller/control.php HTTP/1.1" 200 -
::1 - - [03/Aug/2015:13:22:52 -0400] "GET /public_html/controller/control.php HTTP/1.1" 200 -
::1 - - [03/Aug/2015:13:22:53 -0400] "GET /public_html/controller/control.php HTTP/1.1" 200 -
::1 - - [03/Aug/2015:13:23:07 -0400] "GET /public_html/controller/control.php HTTP/1.1" 200 11
::1 - - [03/Aug/2015:13:23:17 -0400] "GET /public_html/controller/control.php HTTP/1.1" 200 7
::1 - - [03/Aug/2015:13:32:00 -0400] "GET /public_html/controller/control.php HTTP/1.1" 200 7
::1 - - [03/Aug/2015:13:32:01 -0400] "GET /public_html/controller/control.php HTTP/1.1" 200 7
::1 - - [03/Aug/2015:13:32:25 -0400] "GET /public_html/view/discussion.html HTTP/1.1" 304 -
::1 - - [03/Aug/2015:13:32:27 -0400] "GET /public_html/view/discussion.html HTTP/1.1" 304 -
::1 - - [03/Aug/2015:13:32:27 -0400] "GET /public_html/view/discussion.html HTTP/1.1" 304 -
::1 - - [03/Aug/2015:13:36:01 -0400] "GET /public_html/model/dicussion.php HTTP/1.1" 200 422
::1 - - [03/Aug/2015:13:39:03 -0400] "GET /public_html/model/dicussion.php HTTP/1.1" 200 420
::1 - - [03/Aug/2015:13:39:04 -0400] "GET /public_html/model/dicussion.php HTTP/1.1" 200 420
::1 - - [03/Aug/2015:13:39:34 -0400] "GET /public_html/model/dicussion.php HTTP/1.1" 200 418
::1 - - [03/Aug/2015:13:39:35 -0400] "GET /public_html/model/dicussion.php HTTP/1.1" 200 418
::1 - - [03/Aug/2015:13:39:42 -0400] "GET /public_html/model/dicussion.php HTTP/1.1" 200 412
::1 - - [03/Aug/2015:13:39:43 -0400] "GET /public_html/model/dicussion.php HTTP/1.1" 200 412
::1 - - [03/Aug/2015:13:40:32 -0400] "GET /public_html/model/dicussion.php HTTP/1.1" 200 418
::1 - - [03/Aug/2015:13:41:33 -0400] "GET /public_html/model/dicussion.php HTTP/1.1" 200 400
::1 - - [03/Aug/2015:13:42:11 -0400] "GET /public_html/model/dicussion.php HTTP/1.1" 404 1053
::1 - - [03/Aug/2015:13:42:18 -0400] "GET /public_html/model/discussion.php HTTP/1.1" 200 400
::1 - - [03/Aug/2015:13:42:20 -0400] "GET /public_html/model/discussion.php HTTP/1.1" 200 400
::1 - - [03/Aug/2015:13:43:43 -0400] "GET /public_html/model/discussion.php HTTP/1.1" 200 -
::1 - - [03/Aug/2015:13:43:44 -0400] "GET /public_html/model/discussion.php HTTP/1.1" 200 -
::1 - - [03/Aug/2015:13:45:03 -0400] "GET /public_html/model/discussion.php HTTP/1.1" 200 220
::1 - - [03/Aug/2015:13:45:04 -0400] "GET /public_html/model/discussion.php HTTP/1.1" 200 220
::1 - - [03/Aug/2015:13:45:26 -0400] "GET /public_html/model/discussion.php HTTP/1.1" 200 832
::1 - - [03/Aug/2015:13:45:40 -0400] "GET /public_html/model/discussion.php HTTP/1.1" 200 836
::1 - - [03/Aug/2015:13:45:41 -0400] "GET /public_html/model/discussion.php HTTP/1.1" 200 836
::1 - - [03/Aug/2015:13:46:00 -0400] "GET /public_html/model/discussion.php HTTP/1.1" 200 840
::1 - - [03/Aug/2015:13:46:02 -0400] "GET /public_html/model/discussion.php HTTP/1.1" 200 840
::1 - - [03/Aug/2015:13:46:27 -0400] "GET /public_html/model/discussion.php HTTP/1.1" 200 220
::1 - - [03/Aug/2015:13:46:27 -0400] "GET /public_html/model/discussion.php HTTP/1.1" 200 220
::1 - - [03/Aug/2015:13:46:44 -0400] "GET /public_html/model/discussion.php HTTP/1.1" 200 250
::1 - - [03/Aug/2015:13:49:16 -0400] "GET /public_html/model/discussion.php HTTP/1.1" 200 444
::1 - - [03/Aug/2015:13:49:40 -0400] "GET /public_html/model/discussion.php HTTP/1.1" 200 280
::1 - - [03/Aug/2015:13:49:43 -0400] "POST /public_html/model/save() HTTP/1.1" 404 1251
::1 - - [03/Aug/2015:13:52:40 -0400] "GET /public_html/model/discussion.php HTTP/1.1" 200 274
::1 - - [03/Aug/2015:13:52:42 -0400] "POST /public_html/model/discussion.php HTTP/1.1" 200 274
::1 - - [03/Aug/2015:13:52:42 -0400] "POST /public_html/model/discussion.php HTTP/1.1" 200 274
::1 - - [03/Aug/2015:13:52:43 -0400] "POST /public_html/model/discussion.php HTTP/1.1" 200 274
::1 - - [03/Aug/2015:13:53:39 -0400] "POST /public_html/model/discussion.php HTTP/1.1" 200 274
::1 - - [03/Aug/2015:13:53:41 -0400] "POST /public_html/model/discussion.php HTTP/1.1" 200 274
::1 - - [03/Aug/2015:13:53:42 -0400] "POST /public_html/model/discussion.php HTTP/1.1" 200 274
::1 - - [03/Aug/2015:13:53:43 -0400] "POST /public_html/model/discussion.php HTTP/1.1" 200 274
::1 - - [03/Aug/2015:13:53:43 -0400] "POST /public_html/model/discussion.php HTTP/1.1" 200 274
::1 - - [03/Aug/2015:13:53:48 -0400] "POST /public_html/model/discussion.php HTTP/1.1" 200 274
::1 - - [03/Aug/2015:13:53:49 -0400] "POST /public_html/model/discussion.php HTTP/1.1" 200 274
::1 - - [03/Aug/2015:13:53:49 -0400] "POST /public_html/model/discussion.php HTTP/1.1" 200 274
::1 - - [03/Aug/2015:13:53:49 -0400] "POST /public_html/model/discussion.php HTTP/1.1" 200 274
::1 - - [03/Aug/2015:13:53:49 -0400] "POST /public_html/model/discussion.php HTTP/1.1" 200 274
::1 - - [03/Aug/2015:13:53:50 -0400] "POST /public_html/model/discussion.php HTTP/1.1" 200 274
::1 - - [03/Aug/2015:13:54:49 -0400] "POST /public_html/model/discussion.php HTTP/1.1" 200 274
::1 - - [03/Aug/2015:13:54:50 -0400] "POST /public_html/model/discussion.php HTTP/1.1" 200 274
::1 - - [03/Aug/2015:13:54:51 -0400] "POST /public_html/model/discussion.php HTTP/1.1" 200 274
::1 - - [03/Aug/2015:13:54:51 -0400] "POST /public_html/model/discussion.php HTTP/1.1" 200 274
::1 - - [03/Aug/2015:13:55:13 -0400] "POST /public_html/model/discussion.php HTTP/1.1" 200 274
::1 - - [03/Aug/2015:13:55:17 -0400] "POST /public_html/model/discussion.php HTTP/1.1" 200 274
::1 - - [03/Aug/2015:13:55:18 -0400] "POST /public_html/model/discussion.php HTTP/1.1" 200 274
::1 - - [03/Aug/2015:13:55:18 -0400] "POST /public_html/model/discussion.php HTTP/1.1" 200 274
::1 - - [03/Aug/2015:13:55:45 -0400] "POST /public_html/model/discussion.php HTTP/1.1" 200 269
::1 - - [03/Aug/2015:13:55:48 -0400] "POST /public_html/model/discussion.php HTTP/1.1" 200 269
::1 - - [03/Aug/2015:13:55:49 -0400] "POST /public_html/model/discussion.php HTTP/1.1" 200 269
::1 - - [03/Aug/2015:13:58:27 -0400] "POST /public_html/model/discussion.php HTTP/1.1" 200 210
::1 - - [03/Aug/2015:13:58:48 -0400] "POST /public_html/model/discussion.php HTTP/1.1" 200 240
::1 - - [03/Aug/2015:13:58:49 -0400] "GET /public_html/model/discussion.php?message=%09%09%09&save=post+you+message HTTP/1.1" 200 243
::1 - - [03/Aug/2015:14:04:20 -0400] "GET /public_html/model/discussion.php?message=%09%09%09&save=post+you+message HTTP/1.1" 200 572
::1 - - [03/Aug/2015:14:07:34 -0400] "GET /public_html/model/discussion.php?message=%09%09%09&save=post+you+message HTTP/1.1" 200 705
::1 - - [03/Aug/2015:14:08:05 -0400] "GET /public_html/model/discussion.php?message=%09%09%09&save=post+you+message HTTP/1.1" 200 840
::1 - - [03/Aug/2015:14:10:27 -0400] "GET /public_html/model/discussion.php?message=%09%09%09&save=post+you+message HTTP/1.1" 200 701
::1 - - [03/Aug/2015:14:10:40 -0400] "GET /public_html/model/discussion.php?message=%09%09%09&save=post+you+message HTTP/1.1" 200 568
::1 - - [03/Aug/2015:14:10:52 -0400] "GET /public_html/model/discussion.php?message=%09%09%09&save=post+you+message HTTP/1.1" 200 431
::1 - - [03/Aug/2015:14:11:21 -0400] "GET /public_html/model/discussion.php?message=%09%09%09&save=post+you+message HTTP/1.1" 200 320
::1 - - [03/Aug/2015:14:16:37 -0400] "GET /public_html/model/discussion.php?message=%09%09%09&save=post+you+message HTTP/1.1" 200 379
::1 - - [03/Aug/2015:14:17:00 -0400] "GET /public_html/model/discussion.php HTTP/1.1" 200 317
::1 - - [03/Aug/2015:14:17:11 -0400] "GET /public_html/model/discussion.php HTTP/1.1" 200 317
::1 - - [03/Aug/2015:14:17:22 -0400] "GET /public_html/model/discussion.php?message=hi+there%09%09&save=post+you+message HTTP/1.1" 200 327
::1 - - [03/Aug/2015:14:17:47 -0400] "GET /public_html/model/discussion.php HTTP/1.1" 200 331
::1 - - [03/Aug/2015:14:17:49 -0400] "GET /public_html/model/discussion.php HTTP/1.1" 200 331
::1 - - [03/Aug/2015:14:17:52 -0400] "POST /public_html/model/discussion.php HTTP/1.1" 200 331
::1 - - [03/Aug/2015:14:18:16 -0400] "POST /public_html/model/discussion.php HTTP/1.1" 200 398
::1 - - [03/Aug/2015:14:18:22 -0400] "GET /public_html/model/discussion.php HTTP/1.1" 200 331
::1 - - [03/Aug/2015:14:18:25 -0400] "POST /public_html/model/discussion.php HTTP/1.1" 200 399
::1 - - [03/Aug/2015:14:20:19 -0400] "POST /public_html/model/discussion.php HTTP/1.1" 200 395
::1 - - [03/Aug/2015:14:20:20 -0400] "POST /public_html/model/discussion.php HTTP/1.1" 200 393
::1 - - [03/Aug/2015:14:39:59 -0400] "POST /public_html/model/discussion.php HTTP/1.1" 200 153
::1 - - [03/Aug/2015:14:40:21 -0400] "POST /public_html/model/discussion.php HTTP/1.1" 200 153
::1 - - [03/Aug/2015:14:40:24 -0400] "POST /public_html/model/discussion.php HTTP/1.1" 200 153
::1 - - [03/Aug/2015:14:41:21 -0400] "POST /public_html/model/discussion.php HTTP/1.1" 200 129
::1 - - [03/Aug/2015:14:41:46 -0400] "POST /public_html/model/discussion.php HTTP/1.1" 200 220
::1 - - [03/Aug/2015:14:43:34 -0400] "POST /public_html/model/discussion.php HTTP/1.1" 200 230
::1 - - [03/Aug/2015:14:45:23 -0400] "POST /public_html/model/discussion.php HTTP/1.1" 200 230
::1 - - [03/Aug/2015:14:46:29 -0400] "POST /public_html/model/discussion.php HTTP/1.1" 200 230
::1 - - [03/Aug/2015:14:46:31 -0400] "POST /public_html/model/discussion.php HTTP/1.1" 200 230
::1 - - [03/Aug/2015:14:47:12 -0400] "POST /public_html/model/discussion.php HTTP/1.1" 200 -
::1 - - [03/Aug/2015:14:47:32 -0400] "POST /public_html/model/discussion.php HTTP/1.1" 200 231
::1 - - [03/Aug/2015:14:47:58 -0400] "POST /public_html/model/discussion.php HTTP/1.1" 200 10
::1 - - [03/Aug/2015:14:49:41 -0400] "POST /public_html/model/discussion.php HTTP/1.1" 200 10
::1 - - [03/Aug/2015:14:49:49 -0400] "POST /public_html/model/discussion.php HTTP/1.1" 200 10
::1 - - [03/Aug/2015:14:50:05 -0400] "POST /public_html/model/discussion.php HTTP/1.1" 200 -
::1 - - [03/Aug/2015:14:50:16 -0400] "POST /public_html/model/discussion.php HTTP/1.1" 200 -
::1 - - [03/Aug/2015:14:50:47 -0400] "POST /public_html/model/discussion.php HTTP/1.1" 200 372
::1 - - [03/Aug/2015:14:52:20 -0400] "POST /public_html/model/discussion.php HTTP/1.1" 200 175
::1 - - [03/Aug/2015:14:52:39 -0400] "POST /public_html/model/discussion.php HTTP/1.1" 200 -
::1 - - [03/Aug/2015:14:52:51 -0400] "POST /public_html/model/discussion.php HTTP/1.1" 200 2
::1 - - [03/Aug/2015:14:53:59 -0400] "POST /public_html/model/discussion.php HTTP/1.1" 200 2
::1 - - [03/Aug/2015:14:54:27 -0400] "POST /public_html/model/discussion.php HTTP/1.1" 200 6
::1 - - [03/Aug/2015:14:55:02 -0400] "POST /public_html/model/discussion.php HTTP/1.1" 200 4
::1 - - [03/Aug/2015:14:55:12 -0400] "POST /public_html/model/discussion.php HTTP/1.1" 200 -
::1 - - [03/Aug/2015:14:55:31 -0400] "POST /public_html/model/discussion.php HTTP/1.1" 200 -
::1 - - [03/Aug/2015:14:56:29 -0400] "POST /public_html/model/discussion.php HTTP/1.1" 200 -
::1 - - [03/Aug/2015:14:56:30 -0400] "POST /public_html/model/discussion.php HTTP/1.1" 200 -
::1 - - [03/Aug/2015:14:57:01 -0400] "POST /public_html/model/discussion.php HTTP/1.1" 200 -
::1 - - [03/Aug/2015:14:57:14 -0400] "POST /public_html/model/discussion.php HTTP/1.1" 200 -
::1 - - [03/Aug/2015:14:57:34 -0400] "POST /public_html/model/discussion.php HTTP/1.1" 200 597
::1 - - [03/Aug/2015:14:57:48 -0400] "POST /public_html/model/discussion.php HTTP/1.1" 200 583
::1 - - [03/Aug/2015:14:57:58 -0400] "POST /public_html/model/discussion.php HTTP/1.1" 200 442
::1 - - [03/Aug/2015:14:58:45 -0400] "POST /public_html/model/discussion.php HTTP/1.1" 200 331
::1 - - [03/Aug/2015:15:08:12 -0400] "GET /api/database/schema.php HTTP/1.1" 200 1238
::1 - - [03/Aug/2015:15:08:29 -0400] "GET /api/database/schema.php HTTP/1.1" 200 -
::1 - - [03/Aug/2015:15:09:03 -0400] "POST /public_html/model/discussion.php HTTP/1.1" 200 130
::1 - - [03/Aug/2015:15:10:38 -0400] "POST /public_html/model/discussion.php HTTP/1.1" 200 514
::1 - - [03/Aug/2015:15:11:01 -0400] "POST /public_html/model/discussion.php HTTP/1.1" 200 140
::1 - - [03/Aug/2015:15:14:04 -0400] "POST /public_html/model/discussion.php HTTP/1.1" 200 826
::1 - - [03/Aug/2015:15:14:55 -0400] "POST /public_html/model/discussion.php HTTP/1.1" 200 826
::1 - - [03/Aug/2015:15:15:20 -0400] "POST /public_html/model/discussion.php HTTP/1.1" 200 464
::1 - - [03/Aug/2015:15:17:26 -0400] "POST /public_html/model/discussion.php HTTP/1.1" 200 58
::1 - - [03/Aug/2015:15:18:11 -0400] "POST /public_html/model/discussion.php HTTP/1.1" 200 58
::1 - - [03/Aug/2015:15:19:28 -0400] "POST /public_html/model/discussion.php HTTP/1.1" 200 12
::1 - - [03/Aug/2015:15:19:57 -0400] "POST /public_html/model/discussion.php HTTP/1.1" 200 26
::1 - - [03/Aug/2015:15:20:07 -0400] "POST /public_html/model/discussion.php HTTP/1.1" 200 58
::1 - - [03/Aug/2015:15:20:35 -0400] "POST /public_html/model/discussion.php HTTP/1.1" 200 442
::1 - - [03/Aug/2015:15:21:19 -0400] "POST /public_html/model/discussion.php HTTP/1.1" 200 1
::1 - - [03/Aug/2015:15:21:45 -0400] "POST /public_html/model/discussion.php HTTP/1.1" 200 15
::1 - - [03/Aug/2015:15:22:17 -0400] "POST /public_html/model/discussion.php HTTP/1.1" 200 457
::1 - - [03/Aug/2015:15:23:22 -0400] "POST /public_html/model/discussion.php HTTP/1.1" 200 301
::1 - - [03/Aug/2015:15:23:36 -0400] "POST /public_html/model/discussion.php HTTP/1.1" 200 291
::1 - - [03/Aug/2015:15:26:03 -0400] "POST /public_html/model/discussion.php HTTP/1.1" 200 483
::1 - - [03/Aug/2015:15:27:00 -0400] "POST /public_html/model/discussion.php HTTP/1.1" 200 338
::1 - - [03/Aug/2015:15:28:06 -0400] "GET /api/database/schema.php HTTP/1.1" 200 -
::1 - - [03/Aug/2015:15:28:16 -0400] "POST /public_html/model/discussion.php HTTP/1.1" 200 335
::1 - - [03/Aug/2015:15:29:18 -0400] "POST /public_html/model/discussion.php HTTP/1.1" 200 365
::1 - - [03/Aug/2015:15:30:14 -0400] "POST /public_html/model/discussion.php HTTP/1.1" 200 341
::1 - - [03/Aug/2015:15:30:33 -0400] "GET /public_html/model/discussion.php HTTP/1.1" 200 291
::1 - - [03/Aug/2015:15:30:38 -0400] "POST /public_html/model/discussion.php HTTP/1.1" 200 345
::1 - - [03/Aug/2015:15:30:51 -0400] "GET /public_html/model/discussion.php HTTP/1.1" 200 291
::1 - - [03/Aug/2015:15:30:55 -0400] "POST /public_html/model/discussion.php HTTP/1.1" 200 291
::1 - - [03/Aug/2015:15:32:19 -0400] "GET /public_html/model/discussion.php HTTP/1.1" 200 291
::1 - - [03/Aug/2015:15:32:51 -0400] "GET /public_html/model/discussion.php HTTP/1.1" 200 10
::1 - - [03/Aug/2015:15:33:18 -0400] "GET /public_html/model/discussion.php HTTP/1.1" 200 37
::1 - - [03/Aug/2015:15:33:39 -0400] "GET /public_html/model/discussion.php HTTP/1.1" 200 25
::1 - - [03/Aug/2015:15:36:09 -0400] "GET /public_html/model/discussion.php HTTP/1.1" 200 97
::1 - - [03/Aug/2015:15:36:32 -0400] "GET /public_html/model/discussion.php HTTP/1.1" 200 87
::1 - - [03/Aug/2015:15:37:16 -0400] "GET /public_html/model/discussion.php HTTP/1.1" 200 1070
::1 - - [03/Aug/2015:15:38:42 -0400] "GET /public_html/model/discussion.php HTTP/1.1" 200 1104
::1 - - [03/Aug/2015:15:38:58 -0400] "GET /public_html/model/discussion.php HTTP/1.1" 200 1104
::1 - - [03/Aug/2015:15:39:30 -0400] "POST /public_html/model/discussion.php HTTP/1.1" 200 1104
::1 - - [03/Aug/2015:15:39:38 -0400] "GET /public_html/model/discussion.php HTTP/1.1" 200 1104
::1 - - [03/Aug/2015:15:39:40 -0400] "GET /public_html/model/discussion.php HTTP/1.1" 200 1104
::1 - - [03/Aug/2015:15:39:58 -0400] "GET /public_html/model/discussion.php HTTP/1.1" 200 1873
::1 - - [03/Aug/2015:15:41:46 -0400] "GET /public_html/model/discussion.php HTTP/1.1" 200 625
::1 - - [03/Aug/2015:15:42:08 -0400] "GET /public_html/model/discussion.php HTTP/1.1" 200 582
::1 - - [03/Aug/2015:15:42:30 -0400] "GET /public_html/model/discussion.php HTTP/1.1" 200 810
::1 - - [03/Aug/2015:15:42:59 -0400] "GET /public_html/model/discussion.php HTTP/1.1" 200 442
::1 - - [03/Aug/2015:15:44:16 -0400] "GET /public_html/model/discussion.php HTTP/1.1" 200 452
::1 - - [03/Aug/2015:15:44:54 -0400] "GET /public_html/model/discussion.php HTTP/1.1" 200 41
::1 - - [03/Aug/2015:15:45:21 -0400] "GET /public_html/model/discussion.php HTTP/1.1" 200 537
::1 - - [03/Aug/2015:15:45:37 -0400] "GET /public_html/model/discussion.php HTTP/1.1" 200 898
::1 - - [03/Aug/2015:16:27:57 -0400] "GET /public_html/model/discussion.php HTTP/1.1" 404 1053
::1 - - [03/Aug/2015:16:28:01 -0400] "GET /public_html/model/discussions.php HTTP/1.1" 200 446
::1 - - [03/Aug/2015:16:28:03 -0400] "GET /model/new-discussion.php HTTP/1.1" 404 1253
::1 - - [03/Aug/2015:16:28:31 -0400] "GET /public_html/model/discussions.php HTTP/1.1" 200 436
::1 - - [03/Aug/2015:16:28:33 -0400] "GET /public_html/model/new-discussion.php HTTP/1.1" 200 252
::1 - - [03/Aug/2015:16:28:42 -0400] "POST /public_html/model/new-discussion.php HTTP/1.1" 200 252
::1 - - [03/Aug/2015:16:37:51 -0400] "GET /public_html/model/new-discussion.php HTTP/1.1" 200 254
::1 - - [03/Aug/2015:16:38:07 -0400] "GET /public_html/model/new-discussion.php HTTP/1.1" 200 254
::1 - - [03/Aug/2015:16:38:12 -0400] "POST /public_html/model/new-discussion.php HTTP/1.1" 200 433
::1 - - [03/Aug/2015:16:40:48 -0400] "GET /public_html/model/new-discussion.php HTTP/1.1" 200 254
::1 - - [03/Aug/2015:16:40:52 -0400] "POST /public_html/model/new-discussion.php HTTP/1.1" 200 413
::1 - - [03/Aug/2015:16:41:02 -0400] "GET /public_html/model/new-discussion.php HTTP/1.1" 200 254
::1 - - [03/Aug/2015:16:41:04 -0400] "POST /public_html/model/new-discussion.php HTTP/1.1" 200 408
::1 - - [03/Aug/2015:16:44:32 -0400] "GET /public_html/model/new-discussion.php HTTP/1.1" 200 254
::1 - - [03/Aug/2015:16:44:35 -0400] "POST /public_html/model/new-discussion.php HTTP/1.1" 200 408
::1 - - [03/Aug/2015:16:44:47 -0400] "GET /public_html/model/new-discussion.php HTTP/1.1" 200 254
::1 - - [03/Aug/2015:16:44:49 -0400] "POST /public_html/model/new-discussion.php HTTP/1.1" 200 411
::1 - - [03/Aug/2015:16:45:03 -0400] "GET /public_html/model/new-discussion.php HTTP/1.1" 200 254
::1 - - [03/Aug/2015:16:45:05 -0400] "POST /public_html/model/new-discussion.php HTTP/1.1" 200 255
::1 - - [03/Aug/2015:16:45:18 -0400] "GET /public_html/model/new-discussion.php HTTP/1.1" 200 254
::1 - - [03/Aug/2015:16:45:20 -0400] "POST /public_html/model/new-discussion.php HTTP/1.1" 200 255
::1 - - [03/Aug/2015:16:47:48 -0400] "GET /public_html/model/new-discussion.php HTTP/1.1" 200 254
::1 - - [03/Aug/2015:16:47:53 -0400] "POST /public_html/model/new-discussion.php HTTP/1.1" 302 254
::1 - - [03/Aug/2015:16:47:53 -0400] "GET /public_html/model/discussion.php?id=7 HTTP/1.1" 200 1082
::1 - - [03/Aug/2015:16:50:10 -0400] "GET /public_html/model/discussion.php?id=7 HTTP/1.1" 200 432
::1 - - [03/Aug/2015:16:53:09 -0400] "GET /public_html/model/discussion.php?id=7 HTTP/1.1" 200 565
::1 - - [03/Aug/2015:16:53:46 -0400] "GET /public_html/model/discussion.php?id=7 HTTP/1.1" 200 281
::1 - - [03/Aug/2015:16:54:28 -0400] "POST /public_html/model/discussion.php?id=7 HTTP/1.1" 200 328
::1 - - [03/Aug/2015:16:55:31 -0400] "GET /api/database/schema.php HTTP/1.1" 200 -
::1 - - [03/Aug/2015:16:58:18 -0400] "GET /public_html/model/discussion.php?id=7 HTTP/1.1" 200 281
::1 - - [03/Aug/2015:16:58:27 -0400] "POST /public_html/model/discussion.php?id=7 HTTP/1.1" 200 281
::1 - - [03/Aug/2015:16:58:30 -0400] "GET /public_html/model/discussion.php?id=7 HTTP/1.1" 200 442
::1 - - [03/Aug/2015:16:59:46 -0400] "GET /public_html/model/discussion.php?id=7 HTTP/1.1" 200 442
::1 - - [03/Aug/2015:16:59:48 -0400] "GET /public_html/model/discussion.php?id=7 HTTP/1.1" 200 442
::1 - - [03/Aug/2015:16:59:58 -0400] "GET /public_html/model/discussion.php?id=7 HTTP/1.1" 200 316
::1 - - [03/Aug/2015:17:00:06 -0400] "POST /public_html/model/discussion.php?id=7 HTTP/1.1" 200 316
::1 - - [03/Aug/2015:17:00:08 -0400] "GET /public_html/model/discussion.php?id=7 HTTP/1.1" 200 350
::1 - - [03/Aug/2015:17:02:23 -0400] "POST /public_html/model/discussion.php?id=7 HTTP/1.1" 302 350
::1 - - [03/Aug/2015:17:02:23 -0400] "GET /public_html/model/discussion.php?id=7 HTTP/1.1" 200 385
::1 - - [03/Aug/2015:17:02:28 -0400] "POST /public_html/model/discussion.php?id=7 HTTP/1.1" 302 385
::1 - - [03/Aug/2015:17:02:28 -0400] "GET /public_html/model/discussion.php?id=7 HTTP/1.1" 200 421
::1 - - [03/Aug/2015:17:05:20 -0400] "GET /public_html/model/discussion.php?id=7 HTTP/1.1" 200 421
::1 - - [03/Aug/2015:17:05:27 -0400] "POST /public_html/model/discussion.php?id=7 HTTP/1.1" 302 421
::1 - - [03/Aug/2015:17:05:27 -0400] "GET /public_html/model/discussion.php?id=7 HTTP/1.1" 200 461
::1 - - [03/Aug/2015:17:06:18 -0400] "GET /public_html/model/discussion.php?id=7 HTTP/1.1" 200 461
::1 - - [03/Aug/2015:17:06:21 -0400] "POST /public_html/model/discussion.php?id=7 HTTP/1.1" 200 511
::1 - - [03/Aug/2015:17:06:49 -0400] "GET /public_html/model/discussion.php?id=7 HTTP/1.1" 200 461
::1 - - [03/Aug/2015:17:06:51 -0400] "POST /public_html/model/discussion.php?id=7 HTTP/1.1" 200 529
::1 - - [03/Aug/2015:17:07:01 -0400] "GET /public_html/model/discussion.php?id=7 HTTP/1.1" 200 461
::1 - - [03/Aug/2015:17:07:04 -0400] "POST /public_html/model/discussion.php?id=7 HTTP/1.1" 302 461
::1 - - [03/Aug/2015:17:07:04 -0400] "GET /public_html/model/discussion.php?id=7 HTTP/1.1" 200 497
::1 - - [03/Aug/2015:17:07:37 -0400] "GET /public_html/model/discussion.php?id=7 HTTP/1.1" 200 24
::1 - - [03/Aug/2015:17:08:30 -0400] "GET /public_html/model/discussion.php?id=7 HTTP/1.1" 200 54
::1 - - [03/Aug/2015:17:08:42 -0400] "GET /public_html/model/discussion.php?id=7 HTTP/1.1" 200 317
::1 - - [03/Aug/2015:17:08:46 -0400] "POST /public_html/model/discussion.php?id=7 HTTP/1.1" 302 317
::1 - - [03/Aug/2015:17:08:46 -0400] "GET /public_html/model/discussion.php?id=7 HTTP/1.1" 200 359
::1 - - [03/Aug/2015:17:12:28 -0400] "GET /public_html/model/home HTTP/1.1" 404 1053
::1 - - [03/Aug/2015:17:12:33 -0400] "GET /public_html/model/home.php HTTP/1.1" 200 1768
::1 - - [03/Aug/2015:17:13:02 -0400] "GET /public_html/model/home.php HTTP/1.1" 200 851
::1 - - [03/Aug/2015:17:14:12 -0400] "GET /discussion-forum/model/home.php HTTP/1.1" 200 851
::1 - - [03/Aug/2015:17:19:59 -0400] "GET /api/database/schema.php HTTP/1.1" 200 -
::1 - - [03/Aug/2015:17:21:53 -0400] "GET /discussion-forum/model/home.php HTTP/1.1" 404 1053
::1 - - [03/Aug/2015:17:22:05 -0400] "GET /public_html/model/home.php HTTP/1.1" 200 155
::1 - - [03/Aug/2015:17:23:00 -0400] "GET /public_html/model/home.php HTTP/1.1" 200 155
::1 - - [03/Aug/2015:17:23:12 -0400] "GET /public_html/model/new-discussion.php HTTP/1.1" 200 254
::1 - - [03/Aug/2015:17:23:17 -0400] "POST /public_html/model/new-discussion.php HTTP/1.1" 302 254
::1 - - [03/Aug/2015:17:23:18 -0400] "GET /public_html/model/discussion.php?id=1 HTTP/1.1" 200 281
::1 - - [03/Aug/2015:17:23:22 -0400] "GET /public_html/model/home.php HTTP/1.1" 200 251
::1 - - [03/Aug/2015:17:24:34 -0400] "GET /public_html/model/home.php HTTP/1.1" 200 251
::1 - - [03/Aug/2015:17:24:35 -0400] "GET /public_html/model/new-discussion.php HTTP/1.1" 200 292
::1 - - [03/Aug/2015:17:24:47 -0400] "GET /public_html/model/new-discussion.php HTTP/1.1" 200 302
::1 - - [03/Aug/2015:17:25:32 -0400] "GET /public_html/model/new-discussion.php HTTP/1.1" 200 321
::1 - - [03/Aug/2015:17:25:56 -0400] "GET /public_html/model/new-discussion.php HTTP/1.1" 200 311
::1 - - [03/Aug/2015:17:26:02 -0400] "GET /public_html/model/new-discussion.php HTTP/1.1" 200 312
::1 - - [03/Aug/2015:17:26:40 -0400] "GET /public_html/model/new-discussion.php HTTP/1.1" 200 312
::1 - - [03/Aug/2015:17:27:03 -0400] "POST /public_html/model/new-discussion.php HTTP/1.1" 302 312
::1 - - [03/Aug/2015:17:27:03 -0400] "GET /public_html/model/discussion.php?id=2 HTTP/1.1" 200 281
::1 - - [03/Aug/2015:17:30:52 -0400] "GET /public_html/model/discussion.php?id=2 HTTP/1.1" 200 188
::1 - - [03/Aug/2015:17:40:23 -0400] "GET /public_html/model/discussion.php?id=2 HTTP/1.1" 200 188
::1 - - [03/Aug/2015:17:40:24 -0400] "GET /public_html/model/discussion.php?id=2 HTTP/1.1" 200 188
